<?xml version="1.0" encoding="UTF-8"?>
<robot generator="Robot 5.0 (Python 3.10.2 on win32)" generated="20220517 11:13:29.327" rpa="false" schemaversion="3">
<suite id="s1" name="Amazon" source="C:\Users\ekucuk\RobotFrameWork_Project1\Tests\Amazon.robot">
<test id="s1-t1" name="User must sign in to check out" line="7">
<kw name="Open Browser" library="SeleniumLibrary">
<arg>http://www.amazon.com</arg>
<arg>chrome</arg>
<doc>Opens a new browser instance to the optional ``url``.</doc>
<msg timestamp="20220517 11:13:29.502" level="INFO">Opening browser 'chrome' to base url 'http://www.amazon.com'.</msg>
<status status="PASS" starttime="20220517 11:13:29.502" endtime="20220517 11:13:32.897"/>
</kw>
<kw name="Wait Until Page Contains" library="SeleniumLibrary">
<arg>Amazon.com. Spend less. Smile more.</arg>
<doc>Waits until ``text`` appears on the current page.</doc>
<status status="PASS" starttime="20220517 11:13:32.899" endtime="20220517 11:13:32.943"/>
</kw>
<kw name="Input Text" library="SeleniumLibrary">
<arg>id=twotabsearchtextbox</arg>
<arg>Ferrari 458</arg>
<doc>Types the given ``text`` into the text field identified by ``locator``.</doc>
<msg timestamp="20220517 11:13:32.945" level="INFO">Typing text 'Ferrari 458' into text field 'id=twotabsearchtextbox'.</msg>
<status status="PASS" starttime="20220517 11:13:32.944" endtime="20220517 11:13:33.111"/>
</kw>
<kw name="Click Button" library="SeleniumLibrary">
<arg>id=nav-search-submit-button</arg>
<doc>Clicks the button identified by ``locator``.</doc>
<msg timestamp="20220517 11:13:33.112" level="INFO">Clicking button 'id=nav-search-submit-button'.</msg>
<status status="PASS" starttime="20220517 11:13:33.112" endtime="20220517 11:13:35.305"/>
</kw>
<kw name="Wait Until Page Contains" library="SeleniumLibrary">
<arg>results for "Ferrari 458"</arg>
<doc>Waits until ``text`` appears on the current page.</doc>
<status status="PASS" starttime="20220517 11:13:35.306" endtime="20220517 11:13:35.397"/>
</kw>
<kw name="Click Link" library="SeleniumLibrary">
<arg>link:Ferrari Remote Control Cars - 1:24 BEZGAR Officially Licensed RC Series, Electric Sport Racing Toy Car Model Vehicle, 2.4Ghz RC Car for Kids, Adults, Girls and Boys Holiday Ideas Gift (71900 Red)</arg>
<doc>Clicks a link identified by ``locator``.</doc>
<msg timestamp="20220517 11:13:35.398" level="INFO">Clicking link 'link:Ferrari Remote Control Cars - 1:24 BEZGAR Officially Licensed RC Series, Electric Sport Racing Toy Car Model Vehicle, 2.4Ghz RC Car for Kids, Adults, Girls and Boys Holiday Ideas Gift (71900 Red)'.</msg>
<status status="PASS" starttime="20220517 11:13:35.398" endtime="20220517 11:13:39.342"/>
</kw>
<doc>This is some info</doc>
<tag>Smoke</tag>
<status status="PASS" starttime="20220517 11:13:29.501" endtime="20220517 11:13:39.343"/>
</test>
<doc>This is basic info about whole suite</doc>
<status status="PASS" starttime="20220517 11:13:29.329" endtime="20220517 11:13:39.344"/>
</suite>
<statistics>
<total>
<stat pass="1" fail="0" skip="0">All Tests</stat>
</total>
<tag>
<stat pass="1" fail="0" skip="0">Smoke</stat>
</tag>
<suite>
<stat pass="1" fail="0" skip="0" id="s1" name="Amazon">Amazon</stat>
</suite>
</statistics>
<errors>
</errors>
</robot>
