<?xml version="1.0" encoding="UTF-8"?>
<robot generator="Robot 5.0 (Python 3.10.2 on win32)" generated="20220517 16:48:01.065" rpa="false" schemaversion="3">
<suite id="s1" name="Amazon" source="C:\Users\ekucuk\RobotFrameWork_Project1\Tests\Amazon.robot">
<test id="s1-t1" name="User must sign in to check out" line="8">
<kw name="Open Browser" library="SeleniumLibrary">
<arg>http://www.amazon.com</arg>
<arg>chrome</arg>
<doc>Opens a new browser instance to the optional ``url``.</doc>
<msg timestamp="20220517 16:48:01.233" level="INFO">Opening browser 'chrome' to base url 'http://www.amazon.com'.</msg>
<status status="PASS" starttime="20220517 16:48:01.233" endtime="20220517 16:48:05.095"/>
</kw>
<kw name="Wait Until Page Contains" library="SeleniumLibrary">
<arg>Today's Deals</arg>
<doc>Waits until ``text`` appears on the current page.</doc>
<msg timestamp="20220517 16:48:10.396" level="INFO" html="true">&lt;/td&gt;&lt;/tr&gt;&lt;tr&gt;&lt;td colspan="3"&gt;&lt;a href="selenium-screenshot-1.png"&gt;&lt;img src="selenium-screenshot-1.png" width="800px"&gt;&lt;/a&gt;</msg>
<msg timestamp="20220517 16:48:10.396" level="FAIL">Text 'Today's Deals' did not appear in 5 seconds.</msg>
<status status="FAIL" starttime="20220517 16:48:05.097" endtime="20220517 16:48:10.397"/>
</kw>
<kw name="Input Text" library="SeleniumLibrary">
<arg>id=twotabsearchtextbox</arg>
<arg>Ferrari 458</arg>
<doc>Types the given ``text`` into the text field identified by ``locator``.</doc>
<status status="NOT RUN" starttime="20220517 16:48:10.398" endtime="20220517 16:48:10.398"/>
</kw>
<kw name="Click Button" library="SeleniumLibrary">
<arg>id=nav-search-submit-button</arg>
<doc>Clicks the button identified by ``locator``.</doc>
<status status="NOT RUN" starttime="20220517 16:48:10.398" endtime="20220517 16:48:10.399"/>
</kw>
<kw name="Wait Until Page Contains" library="SeleniumLibrary">
<arg>results for "Ferrari 458"</arg>
<doc>Waits until ``text`` appears on the current page.</doc>
<status status="NOT RUN" starttime="20220517 16:48:10.399" endtime="20220517 16:48:10.399"/>
</kw>
<kw name="Click Link" library="SeleniumLibrary">
<arg>link:Ferrari Remote Control Cars - 1:24 BEZGAR Officially Licensed RC Series, Electric Sport Racing Toy Car Model Vehicle, 2.4Ghz RC Car for Kids, Adults, Girls and Boys Holiday Ideas Gift (71900 Red)</arg>
<doc>Clicks a link identified by ``locator``.</doc>
<status status="NOT RUN" starttime="20220517 16:48:10.399" endtime="20220517 16:48:10.399"/>
</kw>
<kw name="Sleep" library="BuiltIn">
<arg>3s</arg>
<doc>Pauses the test executed for the given time.</doc>
<status status="NOT RUN" starttime="20220517 16:48:10.400" endtime="20220517 16:48:10.400"/>
</kw>
<kw name="Wait Until Page Contains" library="SeleniumLibrary">
<arg>Back to results</arg>
<doc>Waits until ``text`` appears on the current page.</doc>
<status status="NOT RUN" starttime="20220517 16:48:10.400" endtime="20220517 16:48:10.400"/>
</kw>
<kw name="Click Button" library="SeleniumLibrary">
<arg>id=add-to-cart-button</arg>
<doc>Clicks the button identified by ``locator``.</doc>
<status status="NOT RUN" starttime="20220517 16:48:10.401" endtime="20220517 16:48:10.401"/>
</kw>
<kw name="Wait Until Page Contains" library="SeleniumLibrary">
<arg>Added to Cart</arg>
<doc>Waits until ``text`` appears on the current page.</doc>
<status status="NOT RUN" starttime="20220517 16:48:10.401" endtime="20220517 16:48:10.401"/>
</kw>
<kw name="Click Button" library="SeleniumLibrary">
<arg>xpath=//input[@name='proceedToRetailCheckout']</arg>
<doc>Clicks the button identified by ``locator``.</doc>
<status status="NOT RUN" starttime="20220517 16:48:10.401" endtime="20220517 16:48:10.401"/>
</kw>
<kw name="Wait Until Page Contains" library="SeleniumLibrary">
<arg>Sign-In</arg>
<doc>Waits until ``text`` appears on the current page.</doc>
<status status="NOT RUN" starttime="20220517 16:48:10.401" endtime="20220517 16:48:10.401"/>
</kw>
<doc>This is some info</doc>
<tag>Smoke</tag>
<status status="FAIL" starttime="20220517 16:48:01.232" endtime="20220517 16:48:10.402">Text 'Today's Deals' did not appear in 5 seconds.</status>
</test>
<doc>This is basic info about whole suite</doc>
<status status="FAIL" starttime="20220517 16:48:01.067" endtime="20220517 16:48:10.403"/>
</suite>
<statistics>
<total>
<stat pass="0" fail="1" skip="0">All Tests</stat>
</total>
<tag>
<stat pass="0" fail="1" skip="0">Smoke</stat>
</tag>
<suite>
<stat pass="0" fail="1" skip="0" id="s1" name="Amazon">Amazon</stat>
</suite>
</statistics>
<errors>
</errors>
</robot>
