<?xml version="1.0" encoding="UTF-8"?>
<robot generator="Robot 5.0 (Python 3.10.2 on win32)" generated="20220523 12:03:32.912" rpa="false" schemaversion="3">
<suite id="s1" name="Amazon" source="C:\Users\ekucuk\RobotFrameWork_Project1\Tests\Amazon.robot">
<test id="s1-t1" name="User can search for products" line="12">
<kw name="Begin Web Test" library="Common" type="SETUP">
<kw name="Open Browser" library="SeleniumLibrary">
<arg>about:blank</arg>
<arg>chrome</arg>
<doc>Opens a new browser instance to the optional ``url``.</doc>
<msg timestamp="20220523 12:03:33.106" level="INFO">Opening browser 'chrome' to base url 'about:blank'.</msg>
<status status="PASS" starttime="20220523 12:03:33.106" endtime="20220523 12:03:34.377"/>
</kw>
<status status="PASS" starttime="20220523 12:03:33.105" endtime="20220523 12:03:34.377"/>
</kw>
<kw name="Search for Products" library="Amazon">
<kw name="Load" library="LandingPage">
<kw name="Go To" library="SeleniumLibrary">
<arg>http://www.amazon.com</arg>
<doc>Navigates the current browser window to the provided ``url``.</doc>
<msg timestamp="20220523 12:03:34.379" level="INFO">Opening url 'http://www.amazon.com'</msg>
<status status="PASS" starttime="20220523 12:03:34.379" endtime="20220523 12:03:37.500"/>
</kw>
<status status="PASS" starttime="20220523 12:03:34.379" endtime="20220523 12:03:37.500"/>
</kw>
<kw name="Verify Page Loaded" library="LandingPage">
<kw name="Wait Until Page Contains" library="SeleniumLibrary">
<arg>Today's Deals</arg>
<doc>Waits until ``text`` appears on the current page.</doc>
<status status="PASS" starttime="20220523 12:03:37.500" endtime="20220523 12:03:37.537"/>
</kw>
<status status="PASS" starttime="20220523 12:03:37.500" endtime="20220523 12:03:37.537"/>
</kw>
<kw name="Search for Products" library="TopNav">
<kw name="Enter Search Term" library="TopNav">
<kw name="Input Text" library="SeleniumLibrary">
<arg>id=twotabsearchtextbox</arg>
<arg>Ferrari 458</arg>
<doc>Types the given ``text`` into the text field identified by ``locator``.</doc>
<msg timestamp="20220523 12:03:37.538" level="INFO">Typing text 'Ferrari 458' into text field 'id=twotabsearchtextbox'.</msg>
<status status="PASS" starttime="20220523 12:03:37.538" endtime="20220523 12:03:37.684"/>
</kw>
<status status="PASS" starttime="20220523 12:03:37.538" endtime="20220523 12:03:37.684"/>
</kw>
<kw name="Submit Search" library="TopNav">
<kw name="Click Button" library="SeleniumLibrary">
<arg>id=nav-search-submit-button</arg>
<doc>Clicks the button identified by ``locator``.</doc>
<msg timestamp="20220523 12:03:37.685" level="INFO">Clicking button 'id=nav-search-submit-button'.</msg>
<status status="PASS" starttime="20220523 12:03:37.685" endtime="20220523 12:03:40.806"/>
</kw>
<status status="PASS" starttime="20220523 12:03:37.684" endtime="20220523 12:03:40.806"/>
</kw>
<status status="PASS" starttime="20220523 12:03:37.537" endtime="20220523 12:03:40.807"/>
</kw>
<kw name="Verify Search Completed" library="SearchResults">
<kw name="Wait Until Page Contains" library="SeleniumLibrary">
<arg>results for "Ferrari 458"</arg>
<doc>Waits until ``text`` appears on the current page.</doc>
<status status="PASS" starttime="20220523 12:03:40.807" endtime="20220523 12:03:40.833"/>
</kw>
<status status="PASS" starttime="20220523 12:03:40.807" endtime="20220523 12:03:40.833"/>
</kw>
<status status="PASS" starttime="20220523 12:03:34.378" endtime="20220523 12:03:40.833"/>
</kw>
<kw name="End Web Test" library="Common" type="TEARDOWN">
<kw name="Close Browser" library="SeleniumLibrary">
<doc>Closes the current browser.</doc>
<status status="PASS" starttime="20220523 12:03:40.834" endtime="20220523 12:03:42.999"/>
</kw>
<status status="PASS" starttime="20220523 12:03:40.834" endtime="20220523 12:03:42.999"/>
</kw>
<doc>First Test Case</doc>
<tag>Smoke</tag>
<status status="PASS" starttime="20220523 12:03:33.105" endtime="20220523 12:03:43.000"/>
</test>
<test id="s1-t2" name="User must sign in to check out" line="19">
<kw name="Begin Web Test" library="Common" type="SETUP">
<kw name="Open Browser" library="SeleniumLibrary">
<arg>about:blank</arg>
<arg>chrome</arg>
<doc>Opens a new browser instance to the optional ``url``.</doc>
<msg timestamp="20220523 12:03:43.003" level="INFO">Opening browser 'chrome' to base url 'about:blank'.</msg>
<status status="PASS" starttime="20220523 12:03:43.002" endtime="20220523 12:03:44.224"/>
</kw>
<status status="PASS" starttime="20220523 12:03:43.002" endtime="20220523 12:03:44.224"/>
</kw>
<kw name="Select Product from Search Results" library="Amazon">
<kw name="Click Product Link" library="SearchResults">
<kw name="Click Link" library="SeleniumLibrary">
<arg>link:Ferrari Remote Control Cars - 1:24 BEZGAR Officially Licensed RC Series, Electric Sport Racing Toy Car Model Vehicle, 2.4Ghz RC Car for Kids, Adults, Girls and Boys Holiday Ideas Gift (71900 Red)</arg>
<doc>Clicks a link identified by ``locator``.</doc>
<msg timestamp="20220523 12:03:44.225" level="INFO">Clicking link 'link:Ferrari Remote Control Cars - 1:24 BEZGAR Officially Licensed RC Series, Electric Sport Racing Toy Car Model Vehicle, 2.4Ghz RC Car for Kids, Adults, Girls and Boys Holiday Ideas Gift (71900 Red)'.</msg>
<msg timestamp="20220523 12:03:44.334" level="INFO" html="true">&lt;/td&gt;&lt;/tr&gt;&lt;tr&gt;&lt;td colspan="3"&gt;&lt;a href="selenium-screenshot-2.png"&gt;&lt;img src="selenium-screenshot-2.png" width="800px"&gt;&lt;/a&gt;</msg>
<msg timestamp="20220523 12:03:44.334" level="FAIL">Link with locator 'link:Ferrari Remote Control Cars - 1:24 BEZGAR Officially Licensed RC Series, Electric Sport Racing Toy Car Model Vehicle, 2.4Ghz RC Car for Kids, Adults, Girls and Boys Holiday Ideas Gift (71900 Red)' not found.</msg>
<status status="FAIL" starttime="20220523 12:03:44.225" endtime="20220523 12:03:44.337"/>
</kw>
<kw name="Sleep" library="BuiltIn">
<arg>3s</arg>
<doc>Pauses the test executed for the given time.</doc>
<status status="NOT RUN" starttime="20220523 12:03:44.337" endtime="20220523 12:03:44.337"/>
</kw>
<status status="FAIL" starttime="20220523 12:03:44.225" endtime="20220523 12:03:44.338"/>
</kw>
<kw name="Verify Page Loaded" library="Product">
<status status="NOT RUN" starttime="20220523 12:03:44.338" endtime="20220523 12:03:44.338"/>
</kw>
<status status="FAIL" starttime="20220523 12:03:44.225" endtime="20220523 12:03:44.339"/>
</kw>
<kw name="Add Product to Cart" library="Amazon">
<status status="NOT RUN" starttime="20220523 12:03:44.339" endtime="20220523 12:03:44.340"/>
</kw>
<kw name="Begin Checkout" library="Amazon">
<status status="NOT RUN" starttime="20220523 12:03:44.340" endtime="20220523 12:03:44.340"/>
</kw>
<kw name="End Web Test" library="Common" type="TEARDOWN">
<kw name="Close Browser" library="SeleniumLibrary">
<doc>Closes the current browser.</doc>
<status status="PASS" starttime="20220523 12:03:44.341" endtime="20220523 12:03:46.466"/>
</kw>
<status status="PASS" starttime="20220523 12:03:44.340" endtime="20220523 12:03:46.466"/>
</kw>
<doc>Second Test Case</doc>
<status status="FAIL" starttime="20220523 12:03:43.001" endtime="20220523 12:03:46.467">Link with locator 'link:Ferrari Remote Control Cars - 1:24 BEZGAR Officially Licensed RC Series, Electric Sport Racing Toy Car Model Vehicle, 2.4Ghz RC Car for Kids, Adults, Girls and Boys Holiday Ideas Gift (71900 Red)' not found.</status>
</test>
<doc>This is basic info about whole suite</doc>
<status status="FAIL" starttime="20220523 12:03:32.914" endtime="20220523 12:03:46.471"/>
</suite>
<statistics>
<total>
<stat pass="1" fail="1" skip="0">All Tests</stat>
</total>
<tag>
<stat pass="1" fail="0" skip="0">Smoke</stat>
</tag>
<suite>
<stat pass="1" fail="1" skip="0" id="s1" name="Amazon">Amazon</stat>
</suite>
</statistics>
<errors>
<msg timestamp="20220523 12:03:33.099" level="ERROR">Error in file 'C:\Users\ekucuk\RobotFrameWork_Project1\Resources\Page_Object\SearchResults.robot' on line 11: Non-existing setting 'Documantation'. Did you mean:
    Documentation</msg>
</errors>
</robot>
