<?xml version="1.0" encoding="UTF-8"?>
<robot generator="Robot 5.0 (Python 3.10.2 on win32)" generated="20220519 15:32:12.860" rpa="false" schemaversion="3">
<suite id="s1" name="Amazon" source="C:\Users\ekucuk\RobotFrameWork_Project1\Tests\Amazon.robot">
<test id="s1-t1" name="User must sign in to check out" line="12">
<kw name="Begin Web Test" library="Common">
<kw name="Open Browser" library="SeleniumLibrary">
<arg>about:blank</arg>
<arg>chrome</arg>
<doc>Opens a new browser instance to the optional ``url``.</doc>
<msg timestamp="20220519 15:32:13.047" level="INFO">Opening browser 'chrome' to base url 'about:blank'.</msg>
<status status="PASS" starttime="20220519 15:32:13.047" endtime="20220519 15:32:14.308"/>
</kw>
<status status="PASS" starttime="20220519 15:32:13.047" endtime="20220519 15:32:14.308"/>
</kw>
<kw name="Search for Products" library="Amazon">
<kw name="Go To" library="SeleniumLibrary">
<arg>http://www.amazon.com</arg>
<doc>Navigates the current browser window to the provided ``url``.</doc>
<msg timestamp="20220519 15:32:14.309" level="INFO">Opening url 'http://www.amazon.com'</msg>
<status status="PASS" starttime="20220519 15:32:14.309" endtime="20220519 15:32:16.635"/>
</kw>
<kw name="Wait Until Page Contains" library="SeleniumLibrary">
<arg>Today's Deals</arg>
<doc>Waits until ``text`` appears on the current page.</doc>
<status status="PASS" starttime="20220519 15:32:16.635" endtime="20220519 15:32:16.673"/>
</kw>
<kw name="Input Text" library="SeleniumLibrary">
<arg>id=twotabsearchtextbox</arg>
<arg>Ferrari 458</arg>
<doc>Types the given ``text`` into the text field identified by ``locator``.</doc>
<msg timestamp="20220519 15:32:16.675" level="INFO">Typing text 'Ferrari 458' into text field 'id=twotabsearchtextbox'.</msg>
<status status="PASS" starttime="20220519 15:32:16.673" endtime="20220519 15:32:16.809"/>
</kw>
<kw name="Click Button" library="SeleniumLibrary">
<arg>id=nav-search-submit-button</arg>
<doc>Clicks the button identified by ``locator``.</doc>
<msg timestamp="20220519 15:32:16.810" level="INFO">Clicking button 'id=nav-search-submit-button'.</msg>
<status status="PASS" starttime="20220519 15:32:16.809" endtime="20220519 15:32:19.118"/>
</kw>
<kw name="Wait Until Page Contains" library="SeleniumLibrary">
<arg>results for "Ferrari 458"</arg>
<doc>Waits until ``text`` appears on the current page.</doc>
<status status="PASS" starttime="20220519 15:32:19.118" endtime="20220519 15:32:19.141"/>
</kw>
<status status="PASS" starttime="20220519 15:32:14.309" endtime="20220519 15:32:19.141"/>
</kw>
<kw name="Select Product from Search Results" library="Amazon">
<kw name="Click Link" library="SeleniumLibrary">
<arg>link:Ferrari Remote Control Cars - 1:24 BEZGAR Officially Licensed RC Series, Electric Sport Racing Toy Car Model Vehicle, 2.4Ghz RC Car for Kids, Adults, Girls and Boys Holiday Ideas Gift (71900 Red)</arg>
<doc>Clicks a link identified by ``locator``.</doc>
<msg timestamp="20220519 15:32:19.142" level="INFO">Clicking link 'link:Ferrari Remote Control Cars - 1:24 BEZGAR Officially Licensed RC Series, Electric Sport Racing Toy Car Model Vehicle, 2.4Ghz RC Car for Kids, Adults, Girls and Boys Holiday Ideas Gift (71900 Red)'.</msg>
<status status="PASS" starttime="20220519 15:32:19.142" endtime="20220519 15:32:22.616"/>
</kw>
<kw name="Sleep" library="BuiltIn">
<arg>3s</arg>
<doc>Pauses the test executed for the given time.</doc>
<msg timestamp="20220519 15:32:25.617" level="INFO">Slept 3 seconds</msg>
<status status="PASS" starttime="20220519 15:32:22.616" endtime="20220519 15:32:25.617"/>
</kw>
<kw name="Wait Until Page Contains" library="SeleniumLibrary">
<arg>Back to results</arg>
<doc>Waits until ``text`` appears on the current page.</doc>
<status status="PASS" starttime="20220519 15:32:25.617" endtime="20220519 15:32:25.654"/>
</kw>
<status status="PASS" starttime="20220519 15:32:19.142" endtime="20220519 15:32:25.654"/>
</kw>
<kw name="Add Product to Cart" library="Amazon">
<kw name="Click Button" library="SeleniumLibrary">
<arg>id=add-to-cart-button</arg>
<doc>Clicks the button identified by ``locator``.</doc>
<msg timestamp="20220519 15:32:25.655" level="INFO">Clicking button 'id=add-to-cart-button'.</msg>
<status status="PASS" starttime="20220519 15:32:25.655" endtime="20220519 15:32:27.366"/>
</kw>
<kw name="Wait Until Page Contains" library="SeleniumLibrary">
<arg>Added to Cart</arg>
<doc>Waits until ``text`` appears on the current page.</doc>
<status status="PASS" starttime="20220519 15:32:27.366" endtime="20220519 15:32:27.392"/>
</kw>
<status status="PASS" starttime="20220519 15:32:25.655" endtime="20220519 15:32:27.392"/>
</kw>
<kw name="Begin Checkout" library="Amazon">
<kw name="Click Button" library="SeleniumLibrary">
<arg>xpath=//input[@name='proceedToRetailCheckout']</arg>
<doc>Clicks the button identified by ``locator``.</doc>
<msg timestamp="20220519 15:32:27.393" level="INFO">Clicking button 'xpath=//input[@name='proceedToRetailCheckout']'.</msg>
<status status="PASS" starttime="20220519 15:32:27.393" endtime="20220519 15:32:28.634"/>
</kw>
<kw name="Wait Until Page Contains" library="SeleniumLibrary">
<arg>Sign-In</arg>
<doc>Waits until ``text`` appears on the current page.</doc>
<status status="PASS" starttime="20220519 15:32:28.634" endtime="20220519 15:32:28.653"/>
</kw>
<status status="PASS" starttime="20220519 15:32:27.393" endtime="20220519 15:32:28.653"/>
</kw>
<kw name="End Web Test" library="Common">
<kw name="Close Browser" library="SeleniumLibrary">
<doc>Closes the current browser.</doc>
<status status="PASS" starttime="20220519 15:32:28.654" endtime="20220519 15:32:30.843"/>
</kw>
<status status="PASS" starttime="20220519 15:32:28.654" endtime="20220519 15:32:30.843"/>
</kw>
<tag>Smoke</tag>
<status status="PASS" starttime="20220519 15:32:13.046" endtime="20220519 15:32:30.844"/>
</test>
<doc>This is basic info about whole suite</doc>
<status status="PASS" starttime="20220519 15:32:12.862" endtime="20220519 15:32:30.847"/>
</suite>
<statistics>
<total>
<stat pass="1" fail="0" skip="0">All Tests</stat>
</total>
<tag>
<stat pass="1" fail="0" skip="0">Smoke</stat>
</tag>
<suite>
<stat pass="1" fail="0" skip="0" id="s1" name="Amazon">Amazon</stat>
</suite>
</statistics>
<errors>
<msg timestamp="20220519 15:32:13.041" level="ERROR">Error in file 'C:\Users\ekucuk\RobotFrameWork_Project1\Resources\Amazon.robot' on line 3: Resource file 'Resources\Page_Object\TopNav.robot' does not exist.</msg>
<msg timestamp="20220519 15:32:13.043" level="ERROR">Error in file 'C:\Users\ekucuk\RobotFrameWork_Project1\Resources\Amazon.robot' on line 4: Resource file 'Resources\Page_Object\Cart.robot' does not exist.</msg>
<msg timestamp="20220519 15:32:13.044" level="ERROR">Error in file 'C:\Users\ekucuk\RobotFrameWork_Project1\Resources\Amazon.robot' on line 5: Resource file 'Resources\Page_Object\Product.robot' does not exist.</msg>
</errors>
</robot>
